# JRE version: OpenJDK Runtime Environment Temurin-21.0.9+10 (21.0.9+10) (build 21.0.9+10-LTS)
# Java VM: OpenJDK 64-Bit Server VM Temurin-21.0.9+10 (21.0.9+10-LTS, mixed mode, sharing, tiered, compressed oops, compressed class ptrs, parallel gc, windows-amd64)
GC Precious Log:
 CardTable entry size: 512
 CPUs: 4 total, 4 available
 Memory: 8031M
 Large Page Support: Disabled
 NUMA Support: Disabled
 Compressed Oops: Enabled (32-bit)
 Alignments: Space 512K, Generation 512K, Heap 2M
 Heap Min Capacity: 100M
 Heap Initial Capacity: 100M
 Heap Max Capacity: 2G
 Pre-touch: Disabled
 Parallel Workers: 4
Heap:
 PSYoungGen      total 14336K, used 5552K [0x00000000d5580000, 0x00000000d6a80000, 0x0000000100000000)
  eden space 13312K, 34% used [0x00000000d5580000,0x00000000d59f8690,0x00000000d6280000)
  from space 1024K, 95% used [0x00000000d6980000,0x00000000d6a73c48,0x00000000d6a80000)
  to   space 1536K, 0% used [0x00000000d6780000,0x00000000d6780000,0x00000000d6900000)
 ParOldGen       total 68608K, used 40998K [0x0000000080000000, 0x0000000084300000, 0x00000000d5580000)
  object space 68608K, 59% used [0x0000000080000000,0x0000000082809958,0x0000000084300000)
 Metaspace       used 60336K, committed 61696K, reserved 1114112K
  class space    used 6438K, committed 7040K, reserved 1048576K
GC Heap History (20 events):
Event: 34.244 GC heap before
{Heap before GC invocations=30 (full 2):
 PSYoungGen      total 18944K, used 18501K [0x00000000d5580000, 0x00000000d6d00000, 0x0000000100000000)
  eden space 17408K, 100% used [0x00000000d5580000,0x00000000d6680000,0x00000000d6680000)
  from space 1536K, 71% used [0x00000000d6680000,0x00000000d6791558,0x00000000d6800000)
  to   space 3072K, 0% used [0x00000000d6a00000,0x00000000d6a00000,0x00000000d6d00000)
 ParOldGen       total 68608K, used 38703K [0x0000000080000000, 0x0000000084300000, 0x00000000d5580000)
  object space 68608K, 56% used [0x0000000080000000,0x00000000825cbfd0,0x0000000084300000)
 Metaspace       used 50417K, committed 51520K, reserved 1114112K
  class space    used 5476K, committed 5952K, reserved 1048576K
}
Event: 34.247 GC heap after
{Heap after GC invocations=30 (full 2):
 PSYoungGen      total 17920K, used 288K [0x00000000d5580000, 0x00000000d6a80000, 0x0000000100000000)
  eden space 17408K, 0% used [0x00000000d5580000,0x00000000d5580000,0x00000000d6680000)
  from space 512K, 56% used [0x00000000d6a00000,0x00000000d6a48000,0x00000000d6a80000)
  to   space 1024K, 0% used [0x00000000d6880000,0x00000000d6880000,0x00000000d6980000)
 ParOldGen       total 68608K, used 39709K [0x0000000080000000, 0x0000000084300000, 0x00000000d5580000)
  object space 68608K, 57% used [0x0000000080000000,0x00000000826c74f8,0x0000000084300000)
 Metaspace       used 50417K, committed 51520K, reserved 1114112K
  class space    used 5476K, committed 5952K, reserved 1048576K
}
Event: 34.663 GC heap before
{Heap before GC invocations=31 (full 2):
 PSYoungGen      total 17920K, used 17696K [0x00000000d5580000, 0x00000000d6a80000, 0x0000000100000000)
  eden space 17408K, 100% used [0x00000000d5580000,0x00000000d6680000,0x00000000d6680000)
  from space 512K, 56% used [0x00000000d6a00000,0x00000000d6a48000,0x00000000d6a80000)
  to   space 1024K, 0% used [0x00000000d6880000,0x00000000d6880000,0x00000000d6980000)
 ParOldGen       total 68608K, used 39709K [0x0000000080000000, 0x0000000084300000, 0x00000000d5580000)
  object space 68608K, 57% used [0x0000000080000000,0x00000000826c74f8,0x0000000084300000)
 Metaspace       used 51378K, committed 52416K, reserved 1114112K
  class space    used 5560K, committed 6016K, reserved 1048576K
}
Event: 34.665 GC heap after
{Heap after GC invocations=31 (full 2):
 PSYoungGen      total 18432K, used 1007K [0x00000000d5580000, 0x00000000d6a80000, 0x0000000100000000)
  eden space 17408K, 0% used [0x00000000d5580000,0x00000000d5580000,0x00000000d6680000)
  from space 1024K, 98% used [0x00000000d6880000,0x00000000d697bdf0,0x00000000d6980000)
  to   space 1024K, 0% used [0x00000000d6980000,0x00000000d6980000,0x00000000d6a80000)
 ParOldGen       total 68608K, used 39917K [0x0000000080000000, 0x0000000084300000, 0x00000000d5580000)
  object space 68608K, 58% used [0x0000000080000000,0x00000000826fb4f8,0x0000000084300000)
 Metaspace       used 51378K, committed 52416K, reserved 1114112K
  class space    used 5560K, committed 6016K, reserved 1048576K
}
Event: 34.865 GC heap before
{Heap before GC invocations=32 (full 2):
 PSYoungGen      total 18432K, used 18415K [0x00000000d5580000, 0x00000000d6a80000, 0x0000000100000000)
  eden space 17408K, 100% used [0x00000000d5580000,0x00000000d6680000,0x00000000d6680000)
  from space 1024K, 98% used [0x00000000d6880000,0x00000000d697bdf0,0x00000000d6980000)
  to   space 1024K, 0% used [0x00000000d6980000,0x00000000d6980000,0x00000000d6a80000)
 ParOldGen       total 68608K, used 39917K [0x0000000080000000, 0x0000000084300000, 0x00000000d5580000)
  object space 68608K, 58% used [0x0000000080000000,0x00000000826fb4f8,0x0000000084300000)
 Metaspace       used 51403K, committed 52480K, reserved 1114112K
  class space    used 5560K, committed 6016K, reserved 1048576K
}
Event: 34.867 GC heap after
{Heap after GC invocations=32 (full 2):
 PSYoungGen      total 18432K, used 905K [0x00000000d5580000, 0x00000000d6a80000, 0x0000000100000000)
  eden space 17408K, 0% used [0x00000000d5580000,0x00000000d5580000,0x00000000d6680000)
  from space 1024K, 88% used [0x00000000d6980000,0x00000000d6a62788,0x00000000d6a80000)
  to   space 1024K, 0% used [0x00000000d6880000,0x00000000d6880000,0x00000000d6980000)
 ParOldGen       total 68608K, used 40848K [0x0000000080000000, 0x0000000084300000, 0x00000000d5580000)
  object space 68608K, 59% used [0x0000000080000000,0x00000000827e42d8,0x0000000084300000)
 Metaspace       used 51403K, committed 52480K, reserved 1114112K
  class space    used 5560K, committed 6016K, reserved 1048576K
}
Event: 35.051 GC heap before
{Heap before GC invocations=33 (full 2):
 PSYoungGen      total 18432K, used 18309K [0x00000000d5580000, 0x00000000d6a80000, 0x0000000100000000)
  eden space 17408K, 99% used [0x00000000d5580000,0x00000000d667ef50,0x00000000d6680000)
  from space 1024K, 88% used [0x00000000d6980000,0x00000000d6a62788,0x00000000d6a80000)
  to   space 1024K, 0% used [0x00000000d6880000,0x00000000d6880000,0x00000000d6980000)
 ParOldGen       total 68608K, used 40848K [0x0000000080000000, 0x0000000084300000, 0x00000000d5580000)
  object space 68608K, 59% used [0x0000000080000000,0x00000000827e42d8,0x0000000084300000)
 Metaspace       used 52373K, committed 53440K, reserved 1114112K
  class space    used 5650K, committed 6144K, reserved 1048576K
}
Event: 35.052 GC heap after
{Heap after GC invocations=33 (full 2):
 PSYoungGen      total 18432K, used 224K [0x00000000d5580000, 0x00000000d6a00000, 0x0000000100000000)
  eden space 17408K, 0% used [0x00000000d5580000,0x00000000d5580000,0x00000000d6680000)
  from space 1024K, 21% used [0x00000000d6880000,0x00000000d68b8010,0x00000000d6980000)
  to   space 512K, 0% used [0x00000000d6980000,0x00000000d6980000,0x00000000d6a00000)
 ParOldGen       total 68608K, used 40864K [0x0000000080000000, 0x0000000084300000, 0x00000000d5580000)
  object space 68608K, 59% used [0x0000000080000000,0x00000000827e82d8,0x0000000084300000)
 Metaspace       used 52373K, committed 53440K, reserved 1114112K
  class space    used 5650K, committed 6144K, reserved 1048576K
}
Event: 36.046 GC heap before
{Heap before GC invocations=34 (full 2):
 PSYoungGen      total 18432K, used 17632K [0x00000000d5580000, 0x00000000d6a00000, 0x0000000100000000)
  eden space 17408K, 99% used [0x00000000d5580000,0x00000000d667fff0,0x00000000d6680000)
  from space 1024K, 21% used [0x00000000d6880000,0x00000000d68b8010,0x00000000d6980000)
  to   space 512K, 0% used [0x00000000d6980000,0x00000000d6980000,0x00000000d6a00000)
 ParOldGen       total 68608K, used 40864K [0x0000000080000000, 0x0000000084300000, 0x00000000d5580000)
  object space 68608K, 59% used [0x0000000080000000,0x00000000827e82d8,0x0000000084300000)
 Metaspace       used 54618K, committed 55744K, reserved 1114112K
  class space    used 5869K, committed 6336K, reserved 1048576K
}
Event: 36.048 GC heap after
{Heap after GC invocations=34 (full 2):
 PSYoungGen      total 17920K, used 496K [0x00000000d5580000, 0x00000000d6a00000, 0x0000000100000000)
  eden space 17408K, 0% used [0x00000000d5580000,0x00000000d5580000,0x00000000d6680000)
  from space 512K, 96% used [0x00000000d6980000,0x00000000d69fc040,0x00000000d6a00000)
  to   space 1024K, 0% used [0x00000000d6800000,0x00000000d6800000,0x00000000d6900000)
 ParOldGen       total 68608K, used 41034K [0x0000000080000000, 0x0000000084300000, 0x00000000d5580000)
  object space 68608K, 59% used [0x0000000080000000,0x0000000082812ba8,0x0000000084300000)
 Metaspace       used 54618K, committed 55744K, reserved 1114112K
  class space    used 5869K, committed 6336K, reserved 1048576K
}
Event: 36.768 GC heap before
{Heap before GC invocations=35 (full 2):
 PSYoungGen      total 17920K, used 17904K [0x00000000d5580000, 0x00000000d6a00000, 0x0000000100000000)
  eden space 17408K, 99% used [0x00000000d5580000,0x00000000d667ffe8,0x00000000d6680000)
  from space 512K, 96% used [0x00000000d6980000,0x00000000d69fc040,0x00000000d6a00000)
  to   space 1024K, 0% used [0x00000000d6800000,0x00000000d6800000,0x00000000d6900000)
 ParOldGen       total 68608K, used 41034K [0x0000000080000000, 0x0000000084300000, 0x00000000d5580000)
  object space 68608K, 59% used [0x0000000080000000,0x0000000082812ba8,0x0000000084300000)
 Metaspace       used 57092K, committed 58368K, reserved 1114112K
  class space    used 6150K, committed 6720K, reserved 1048576K
}
Event: 36.771 GC heap after
{Heap after GC invocations=35 (full 2):
 PSYoungGen      total 18432K, used 1015K [0x00000000d5580000, 0x00000000d6a80000, 0x0000000100000000)
  eden space 17408K, 0% used [0x00000000d5580000,0x00000000d5580000,0x00000000d6680000)
  from space 1024K, 99% used [0x00000000d6800000,0x00000000d68fdc18,0x00000000d6900000)
  to   space 1536K, 0% used [0x00000000d6900000,0x00000000d6900000,0x00000000d6a80000)
 ParOldGen       total 68608K, used 41632K [0x0000000080000000, 0x0000000084300000, 0x00000000d5580000)
  object space 68608K, 60% used [0x0000000080000000,0x00000000828a8038,0x0000000084300000)
 Metaspace       used 57092K, committed 58368K, reserved 1114112K
  class space    used 6150K, committed 6720K, reserved 1048576K
}
Event: 37.692 GC heap before
{Heap before GC invocations=36 (full 2):
 PSYoungGen      total 18432K, used 18423K [0x00000000d5580000, 0x00000000d6a80000, 0x0000000100000000)
  eden space 17408K, 100% used [0x00000000d5580000,0x00000000d6680000,0x00000000d6680000)
  from space 1024K, 99% used [0x00000000d6800000,0x00000000d68fdc18,0x00000000d6900000)
  to   space 1536K, 0% used [0x00000000d6900000,0x00000000d6900000,0x00000000d6a80000)
 ParOldGen       total 68608K, used 41632K [0x0000000080000000, 0x0000000084300000, 0x00000000d5580000)
  object space 68608K, 60% used [0x0000000080000000,0x00000000828a8038,0x0000000084300000)
 Metaspace       used 58316K, committed 59648K, reserved 1114112K
  class space    used 6261K, committed 6848K, reserved 1048576K
}
Event: 37.701 GC heap after
{Heap after GC invocations=36 (full 2):
 PSYoungGen      total 14848K, used 1522K [0x00000000d5580000, 0x00000000d7380000, 0x0000000100000000)
  eden space 13312K, 0% used [0x00000000d5580000,0x00000000d5580000,0x00000000d6280000)
  from space 1536K, 99% used [0x00000000d6900000,0x00000000d6a7cbf8,0x00000000d6a80000)
  to   space 6656K, 0% used [0x00000000d6280000,0x00000000d6280000,0x00000000d6900000)
 ParOldGen       total 68608K, used 45618K [0x0000000080000000, 0x0000000084300000, 0x00000000d5580000)
  object space 68608K, 66% used [0x0000000080000000,0x0000000082c8cbe0,0x0000000084300000)
 Metaspace       used 58316K, committed 59648K, reserved 1114112K
  class space    used 6261K, committed 6848K, reserved 1048576K
}
Event: 38.639 GC heap before
{Heap before GC invocations=37 (full 2):
 PSYoungGen      total 14848K, used 8840K [0x00000000d5580000, 0x00000000d7380000, 0x0000000100000000)
  eden space 13312K, 54% used [0x00000000d5580000,0x00000000d5ca54c8,0x00000000d6280000)
  from space 1536K, 99% used [0x00000000d6900000,0x00000000d6a7cbf8,0x00000000d6a80000)
  to   space 6656K, 0% used [0x00000000d6280000,0x00000000d6280000,0x00000000d6900000)
 ParOldGen       total 68608K, used 45618K [0x0000000080000000, 0x0000000084300000, 0x00000000d5580000)
  object space 68608K, 66% used [0x0000000080000000,0x0000000082c8cbe0,0x0000000084300000)
 Metaspace       used 58970K, committed 60288K, reserved 1114112K
  class space    used 6321K, committed 6912K, reserved 1048576K
}
Event: 38.643 GC heap after
{Heap after GC invocations=37 (full 2):
 PSYoungGen      total 19968K, used 1001K [0x00000000d5580000, 0x00000000d6c80000, 0x0000000100000000)
  eden space 13312K, 0% used [0x00000000d5580000,0x00000000d5580000,0x00000000d6280000)
  from space 6656K, 15% used [0x00000000d6280000,0x00000000d637a4a0,0x00000000d6900000)
  to   space 3072K, 0% used [0x00000000d6980000,0x00000000d6980000,0x00000000d6c80000)
 ParOldGen       total 68608K, used 46589K [0x0000000080000000, 0x0000000084300000, 0x00000000d5580000)
  object space 68608K, 67% used [0x0000000080000000,0x0000000082d7f750,0x0000000084300000)
 Metaspace       used 58970K, committed 60288K, reserved 1114112K
  class space    used 6321K, committed 6912K, reserved 1048576K
}
Event: 38.643 GC heap before
{Heap before GC invocations=38 (full 3):
 PSYoungGen      total 19968K, used 1001K [0x00000000d5580000, 0x00000000d6c80000, 0x0000000100000000)
  eden space 13312K, 0% used [0x00000000d5580000,0x00000000d5580000,0x00000000d6280000)
  from space 6656K, 15% used [0x00000000d6280000,0x00000000d637a4a0,0x00000000d6900000)
  to   space 3072K, 0% used [0x00000000d6980000,0x00000000d6980000,0x00000000d6c80000)
 ParOldGen       total 68608K, used 46589K [0x0000000080000000, 0x0000000084300000, 0x00000000d5580000)
  object space 68608K, 67% used [0x0000000080000000,0x0000000082d7f750,0x0000000084300000)
 Metaspace       used 58970K, committed 60288K, reserved 1114112K
  class space    used 6321K, committed 6912K, reserved 1048576K
}
Event: 38.799 GC heap after
{Heap after GC invocations=38 (full 3):
 PSYoungGen      total 19968K, used 0K [0x00000000d5580000, 0x00000000d6c80000, 0x0000000100000000)
  eden space 13312K, 0% used [0x00000000d5580000,0x00000000d5580000,0x00000000d6280000)
  from space 6656K, 0% used [0x00000000d6280000,0x00000000d6280000,0x00000000d6900000)
  to   space 3072K, 0% used [0x00000000d6980000,0x00000000d6980000,0x00000000d6c80000)
 ParOldGen       total 68608K, used 40990K [0x0000000080000000, 0x0000000084300000, 0x00000000d5580000)
  object space 68608K, 59% used [0x0000000080000000,0x0000000082807958,0x0000000084300000)
 Metaspace       used 58970K, committed 60288K, reserved 1114112K
  class space    used 6321K, committed 6912K, reserved 1048576K
}
Event: 39.966 GC heap before
{Heap before GC invocations=39 (full 3):
 PSYoungGen      total 19968K, used 13304K [0x00000000d5580000, 0x00000000d6c80000, 0x0000000100000000)
  eden space 13312K, 99% used [0x00000000d5580000,0x00000000d627e1a8,0x00000000d6280000)
  from space 6656K, 0% used [0x00000000d6280000,0x00000000d6280000,0x00000000d6900000)
  to   space 3072K, 0% used [0x00000000d6980000,0x00000000d6980000,0x00000000d6c80000)
 ParOldGen       total 68608K, used 40990K [0x0000000080000000, 0x0000000084300000, 0x00000000d5580000)
  object space 68608K, 59% used [0x0000000080000000,0x0000000082807958,0x0000000084300000)
 Metaspace       used 59754K, committed 61056K, reserved 1114112K
  class space    used 6393K, committed 6976K, reserved 1048576K
}
Event: 39.969 GC heap after
{Heap after GC invocations=39 (full 3):
 PSYoungGen      total 14336K, used 975K [0x00000000d5580000, 0x00000000d6a80000, 0x0000000100000000)
  eden space 13312K, 0% used [0x00000000d5580000,0x00000000d5580000,0x00000000d6280000)
  from space 1024K, 95% used [0x00000000d6980000,0x00000000d6a73c48,0x00000000d6a80000)
  to   space 1536K, 0% used [0x00000000d6780000,0x00000000d6780000,0x00000000d6900000)
 ParOldGen       total 68608K, used 40998K [0x0000000080000000, 0x0000000084300000, 0x00000000d5580000)
  object space 68608K, 59% used [0x0000000080000000,0x0000000082809958,0x0000000084300000)
 Metaspace       used 59754K, committed 61056K, reserved 1114112K
  class space    used 6393K, committed 6976K, reserved 1048576K
}

